  Application.cpp
  Color.cpp
  glmath.cpp
c:\users\lenovo\documents\github\racing-simulation-phys\gameracef\glmath.cpp(12): warning C4244: 'return': conversion from 'double' to 'float', possible loss of data
c:\users\lenovo\documents\github\racing-simulation-phys\gameracef\glmath.cpp(27): warning C4244: 'argument': conversion from 'double' to 'float', possible loss of data
c:\users\lenovo\documents\github\racing-simulation-phys\gameracef\glmath.cpp(43): warning C4244: 'argument': conversion from 'double' to 'float', possible loss of data
c:\users\lenovo\documents\github\racing-simulation-phys\gameracef\glmath.cpp(53): warning C4244: 'initializing': conversion from 'double' to 'float', possible loss of data
c:\users\lenovo\documents\github\racing-simulation-phys\gameracef\glmath.cpp(72): warning C4244: 'return': conversion from 'double' to 'float', possible loss of data
c:\users\lenovo\documents\github\racing-simulation-phys\gameracef\glmath.cpp(87): warning C4244: 'argument': conversion from 'double' to 'float', possible loss of data
c:\users\lenovo\documents\github\racing-simulation-phys\gameracef\glmath.cpp(103): warning C4244: 'argument': conversion from 'double' to 'float', possible loss of data
c:\users\lenovo\documents\github\racing-simulation-phys\gameracef\glmath.cpp(600): warning C4244: 'initializing': conversion from 'double' to 'float', possible loss of data
c:\users\lenovo\documents\github\racing-simulation-phys\gameracef\glmath.cpp(618): warning C4244: 'initializing': conversion from 'double' to 'float', possible loss of data
c:\users\lenovo\documents\github\racing-simulation-phys\gameracef\glmath.cpp(758): warning C4244: 'initializing': conversion from 'double' to 'float', possible loss of data
c:\users\lenovo\documents\github\racing-simulation-phys\gameracef\glmath.cpp(778): warning C4244: 'initializing': conversion from 'double' to 'float', possible loss of data
  Light.cpp
  log.cpp
  Main.cpp
  ModuleAudio.cpp
  ModuleCamera3D.cpp
  ModuleInput.cpp
  ModulePhysics3D.cpp
  ModulePlayer.cpp
c:\users\lenovo\documents\github\racing-simulation-phys\gameracef\moduleplayer.cpp(27): warning C4305: 'argument': truncation from 'double' to 'float'
c:\users\lenovo\documents\github\racing-simulation-phys\gameracef\moduleplayer.cpp(28): warning C4305: 'argument': truncation from 'double' to 'float'
c:\users\lenovo\documents\github\racing-simulation-phys\gameracef\moduleplayer.cpp(29): warning C4305: 'argument': truncation from 'double' to 'float'
c:\users\lenovo\documents\github\racing-simulation-phys\gameracef\moduleplayer.cpp(30): warning C4305: 'argument': truncation from 'double' to 'float'
c:\users\lenovo\documents\github\racing-simulation-phys\gameracef\moduleplayer.cpp(31): warning C4305: 'argument': truncation from 'double' to 'float'
c:\users\lenovo\documents\github\racing-simulation-phys\gameracef\moduleplayer.cpp(32): warning C4305: 'argument': truncation from 'double' to 'float'
c:\users\lenovo\documents\github\racing-simulation-phys\gameracef\moduleplayer.cpp(35): warning C4305: 'argument': truncation from 'double' to 'float'
c:\users\lenovo\documents\github\racing-simulation-phys\gameracef\moduleplayer.cpp(39): warning C4305: 'argument': truncation from 'double' to 'float'
c:\users\lenovo\documents\github\racing-simulation-phys\gameracef\moduleplayer.cpp(40): warning C4305: 'argument': truncation from 'double' to 'float'
c:\users\lenovo\documents\github\racing-simulation-phys\gameracef\moduleplayer.cpp(41): warning C4305: 'argument': truncation from 'double' to 'float'
c:\users\lenovo\documents\github\racing-simulation-phys\gameracef\moduleplayer.cpp(42): warning C4305: 'argument': truncation from 'double' to 'float'
c:\users\lenovo\documents\github\racing-simulation-phys\gameracef\moduleplayer.cpp(43): warning C4305: 'argument': truncation from 'double' to 'float'
c:\users\lenovo\documents\github\racing-simulation-phys\gameracef\moduleplayer.cpp(44): warning C4305: 'argument': truncation from 'double' to 'float'
  ModuleRenderer3D.cpp
  ModuleSceneIntro.cpp
c:\users\lenovo\documents\github\racing-simulation-phys\gameracef\modulesceneintro.cpp(54): warning C4305: 'argument': truncation from 'double' to 'float'
c:\users\lenovo\documents\github\racing-simulation-phys\gameracef\modulesceneintro.cpp(57): warning C4305: 'argument': truncation from 'double' to 'float'
c:\users\lenovo\documents\github\racing-simulation-phys\gameracef\modulesceneintro.cpp(58): warning C4305: 'argument': truncation from 'double' to 'float'
c:\users\lenovo\documents\github\racing-simulation-phys\gameracef\modulesceneintro.cpp(59): warning C4305: 'argument': truncation from 'double' to 'float'
c:\users\lenovo\documents\github\racing-simulation-phys\gameracef\modulesceneintro.cpp(60): warning C4305: 'argument': truncation from 'double' to 'float'
c:\users\lenovo\documents\github\racing-simulation-phys\gameracef\modulesceneintro.cpp(61): warning C4305: 'argument': truncation from 'double' to 'float'
c:\users\lenovo\documents\github\racing-simulation-phys\gameracef\modulesceneintro.cpp(81): warning C4305: 'argument': truncation from 'double' to 'float'
c:\users\lenovo\documents\github\racing-simulation-phys\gameracef\modulesceneintro.cpp(82): warning C4305: 'argument': truncation from 'double' to 'float'
c:\users\lenovo\documents\github\racing-simulation-phys\gameracef\modulesceneintro.cpp(83): warning C4305: 'argument': truncation from 'double' to 'float'
c:\users\lenovo\documents\github\racing-simulation-phys\gameracef\modulesceneintro.cpp(84): warning C4305: 'argument': truncation from 'double' to 'float'
c:\users\lenovo\documents\github\racing-simulation-phys\gameracef\modulesceneintro.cpp(85): warning C4305: 'argument': truncation from 'double' to 'float'
c:\users\lenovo\documents\github\racing-simulation-phys\gameracef\modulesceneintro.cpp(86): warning C4305: 'argument': truncation from 'double' to 'float'
c:\users\lenovo\documents\github\racing-simulation-phys\gameracef\modulesceneintro.cpp(87): warning C4305: 'argument': truncation from 'double' to 'float'
c:\users\lenovo\documents\github\racing-simulation-phys\gameracef\modulesceneintro.cpp(88): warning C4305: 'argument': truncation from 'double' to 'float'
c:\users\lenovo\documents\github\racing-simulation-phys\gameracef\modulesceneintro.cpp(89): warning C4305: 'argument': truncation from 'double' to 'float'
c:\users\lenovo\documents\github\racing-simulation-phys\gameracef\modulesceneintro.cpp(90): warning C4305: 'argument': truncation from 'double' to 'float'
c:\users\lenovo\documents\github\racing-simulation-phys\gameracef\modulesceneintro.cpp(91): warning C4305: 'argument': truncation from 'double' to 'float'
c:\users\lenovo\documents\github\racing-simulation-phys\gameracef\modulesceneintro.cpp(92): warning C4305: 'argument': truncation from 'double' to 'float'
c:\users\lenovo\documents\github\racing-simulation-phys\gameracef\modulesceneintro.cpp(93): warning C4305: 'argument': truncation from 'double' to 'float'
c:\users\lenovo\documents\github\racing-simulation-phys\gameracef\modulesceneintro.cpp(94): warning C4305: 'argument': truncation from 'double' to 'float'
c:\users\lenovo\documents\github\racing-simulation-phys\gameracef\modulesceneintro.cpp(95): warning C4305: 'argument': truncation from 'double' to 'float'
c:\users\lenovo\documents\github\racing-simulation-phys\gameracef\modulesceneintro.cpp(97): warning C4305: 'argument': truncation from 'double' to 'float'
c:\users\lenovo\documents\github\racing-simulation-phys\gameracef\modulesceneintro.cpp(98): warning C4305: 'argument': truncation from 'double' to 'float'
c:\users\lenovo\documents\github\racing-simulation-phys\gameracef\modulesceneintro.cpp(99): warning C4305: 'argument': truncation from 'double' to 'float'
c:\users\lenovo\documents\github\racing-simulation-phys\gameracef\modulesceneintro.cpp(100): warning C4305: 'argument': truncation from 'double' to 'float'
c:\users\lenovo\documents\github\racing-simulation-phys\gameracef\modulesceneintro.cpp(101): warning C4305: 'argument': truncation from 'double' to 'float'
c:\users\lenovo\documents\github\racing-simulation-phys\gameracef\modulesceneintro.cpp(102): warning C4305: 'argument': truncation from 'double' to 'float'
c:\users\lenovo\documents\github\racing-simulation-phys\gameracef\modulesceneintro.cpp(103): warning C4305: 'argument': truncation from 'double' to 'float'
c:\users\lenovo\documents\github\racing-simulation-phys\gameracef\modulesceneintro.cpp(104): warning C4305: 'argument': truncation from 'double' to 'float'
c:\users\lenovo\documents\github\racing-simulation-phys\gameracef\modulesceneintro.cpp(105): warning C4305: 'argument': truncation from 'double' to 'float'
c:\users\lenovo\documents\github\racing-simulation-phys\gameracef\modulesceneintro.cpp(106): warning C4305: 'argument': truncation from 'double' to 'float'
c:\users\lenovo\documents\github\racing-simulation-phys\gameracef\modulesceneintro.cpp(122): warning C4305: 'argument': truncation from 'double' to 'float'
c:\users\lenovo\documents\github\racing-simulation-phys\gameracef\modulesceneintro.cpp(123): warning C4305: 'argument': truncation from 'double' to 'float'
c:\users\lenovo\documents\github\racing-simulation-phys\gameracef\modulesceneintro.cpp(124): warning C4305: 'argument': truncation from 'double' to 'float'
c:\users\lenovo\documents\github\racing-simulation-phys\gameracef\modulesceneintro.cpp(125): warning C4305: 'argument': truncation from 'double' to 'float'
c:\users\lenovo\documents\github\racing-simulation-phys\gameracef\modulesceneintro.cpp(126): warning C4305: 'argument': truncation from 'double' to 'float'
c:\users\lenovo\documents\github\racing-simulation-phys\gameracef\modulesceneintro.cpp(127): warning C4305: 'argument': truncation from 'double' to 'float'
c:\users\lenovo\documents\github\racing-simulation-phys\gameracef\modulesceneintro.cpp(129): warning C4305: 'argument': truncation from 'double' to 'float'
c:\users\lenovo\documents\github\racing-simulation-phys\gameracef\modulesceneintro.cpp(130): warning C4305: 'argument': truncation from 'double' to 'float'
c:\users\lenovo\documents\github\racing-simulation-phys\gameracef\modulesceneintro.cpp(131): warning C4305: 'argument': truncation from 'double' to 'float'
c:\users\lenovo\documents\github\racing-simulation-phys\gameracef\modulesceneintro.cpp(132): warning C4305: 'argument': truncation from 'double' to 'float'
c:\users\lenovo\documents\github\racing-simulation-phys\gameracef\modulesceneintro.cpp(141): warning C4305: 'argument': truncation from 'double' to 'float'
c:\users\lenovo\documents\github\racing-simulation-phys\gameracef\modulesceneintro.cpp(142): warning C4305: 'argument': truncation from 'double' to 'float'
c:\users\lenovo\documents\github\racing-simulation-phys\gameracef\modulesceneintro.cpp(143): warning C4305: 'argument': truncation from 'double' to 'float'
c:\users\lenovo\documents\github\racing-simulation-phys\gameracef\modulesceneintro.cpp(144): warning C4305: 'argument': truncation from 'double' to 'float'
c:\users\lenovo\documents\github\racing-simulation-phys\gameracef\modulesceneintro.cpp(145): warning C4305: 'argument': truncation from 'double' to 'float'
c:\users\lenovo\documents\github\racing-simulation-phys\gameracef\modulesceneintro.cpp(146): warning C4305: 'argument': truncation from 'double' to 'float'
c:\users\lenovo\documents\github\racing-simulation-phys\gameracef\modulesceneintro.cpp(147): warning C4305: 'argument': truncation from 'double' to 'float'
c:\users\lenovo\documents\github\racing-simulation-phys\gameracef\modulesceneintro.cpp(148): warning C4305: 'argument': truncation from 'double' to 'float'
c:\users\lenovo\documents\github\racing-simulation-phys\gameracef\modulesceneintro.cpp(169): warning C4305: 'argument': truncation from 'double' to 'float'
c:\users\lenovo\documents\github\racing-simulation-phys\gameracef\modulesceneintro.cpp(170): warning C4305: 'argument': truncation from 'double' to 'float'
c:\users\lenovo\documents\github\racing-simulation-phys\gameracef\modulesceneintro.cpp(171): warning C4305: 'argument': truncation from 'double' to 'float'
c:\users\lenovo\documents\github\racing-simulation-phys\gameracef\modulesceneintro.cpp(172): warning C4305: 'argument': truncation from 'double' to 'float'
c:\users\lenovo\documents\github\racing-simulation-phys\gameracef\modulesceneintro.cpp(173): warning C4305: 'argument': truncation from 'double' to 'float'
c:\users\lenovo\documents\github\racing-simulation-phys\gameracef\modulesceneintro.cpp(174): warning C4305: 'argument': truncation from 'double' to 'float'
c:\users\lenovo\documents\github\racing-simulation-phys\gameracef\modulesceneintro.cpp(175): warning C4305: 'argument': truncation from 'double' to 'float'
c:\users\lenovo\documents\github\racing-simulation-phys\gameracef\modulesceneintro.cpp(176): warning C4305: 'argument': truncation from 'double' to 'float'
c:\users\lenovo\documents\github\racing-simulation-phys\gameracef\modulesceneintro.cpp(177): warning C4305: 'argument': truncation from 'double' to 'float'
c:\users\lenovo\documents\github\racing-simulation-phys\gameracef\modulesceneintro.cpp(178): warning C4305: 'argument': truncation from 'double' to 'float'
c:\users\lenovo\documents\github\racing-simulation-phys\gameracef\modulesceneintro.cpp(181): warning C4305: 'argument': truncation from 'double' to 'float'
c:\users\lenovo\documents\github\racing-simulation-phys\gameracef\modulesceneintro.cpp(182): warning C4305: 'argument': truncation from 'double' to 'float'
c:\users\lenovo\documents\github\racing-simulation-phys\gameracef\modulesceneintro.cpp(183): warning C4305: 'argument': truncation from 'double' to 'float'
c:\users\lenovo\documents\github\racing-simulation-phys\gameracef\modulesceneintro.cpp(184): warning C4305: 'argument': truncation from 'double' to 'float'
c:\users\lenovo\documents\github\racing-simulation-phys\gameracef\modulesceneintro.cpp(185): warning C4305: 'argument': truncation from 'double' to 'float'
c:\users\lenovo\documents\github\racing-simulation-phys\gameracef\modulesceneintro.cpp(192): warning C4305: 'argument': truncation from 'double' to 'float'
c:\users\lenovo\documents\github\racing-simulation-phys\gameracef\modulesceneintro.cpp(193): warning C4305: 'argument': truncation from 'double' to 'float'
c:\users\lenovo\documents\github\racing-simulation-phys\gameracef\modulesceneintro.cpp(194): warning C4305: 'argument': truncation from 'double' to 'float'
c:\users\lenovo\documents\github\racing-simulation-phys\gameracef\modulesceneintro.cpp(195): warning C4305: 'argument': truncation from 'double' to 'float'
c:\users\lenovo\documents\github\racing-simulation-phys\gameracef\modulesceneintro.cpp(196): warning C4305: 'argument': truncation from 'double' to 'float'
c:\users\lenovo\documents\github\racing-simulation-phys\gameracef\modulesceneintro.cpp(245): warning C4244: 'argument': conversion from 'int' to 'float', possible loss of data
  ModuleWindow.cpp
  PhysBody3D.cpp
  PhysVehicle3D.cpp
  Primitive.cpp
  Timer.cpp
  Generating code
  All 438 functions were compiled because no usable IPDB/IOBJ from previous compilation was found.
  Finished generating code
  3D Physics.vcxproj -> C:\Users\lenovo\Documents\GitHub\Racing-Simulation-Phys\GameRaceF\Release\3D Physics - class5.exe
